<?xml version="1.0" encoding="UTF-8"?>
<!-- Generated by org.testng.reporters.JUnitXMLReporter -->
<testsuite hostname="jgus-2k16-LB3" ignored="0" name="Default test" tests="3" failures="0" timestamp="21 May 2018 03:15:29 GMT" time="94.657" errors="0">
  <testcase name="updatedata" time="0.581" classname="com.webdriver.tests.HomePageTest"/>
  <testcase name="LoginFox" time="43.127" classname="com.webdriver.tests.HomePageTest"/>
  <testcase name="LoginFox" time="39.024" classname="com.webdriver.tests.HomePageTest"/>
</testsuite> <!-- Default test -->
