<?xml version="1.0" encoding="UTF-8"?>
<!-- Generated by org.testng.reporters.JUnitXMLReporter -->
<testsuite hostname="jgus-2k16-LB3" ignored="0" name="Validating Home page" tests="3" failures="0" timestamp="21 May 2018 18:52:12 GMT" time="144.947" errors="0">
  <testcase name="updatedata" time="0.597" classname="com.webdriver.tests.HomePageTest"/>
  <testcase name="LoginFox" time="80.445" classname="com.webdriver.tests.HomePageTest"/>
  <testcase name="LoginFox" time="42.476" classname="com.webdriver.tests.HomePageTest"/>
</testsuite> <!-- Validating Home page -->
