<?xml version="1.0" encoding="UTF-8"?>
<testsuite xmlns:xsi="http://www.w3.org/2001/XMLSchema-instance" xsi:noNamespaceSchemaLocation="https://maven.apache.org/surefire/maven-surefire-plugin/xsd/surefire-test-report.xsd" name="TestSuite" time="1.292" tests="3" errors="0" skipped="0" failures="0">
  <properties>
[...]
</properties>
  <testcase name="seleniumTest" classname="com.webdriver.tests.SeleniumTest" time="0.008"/>
  <testcase name="RestApiTest" classname="com.webdriver.tests.RestApiTest" time="0.001"/>
  <testcase name="mobileTest" classname="com.webdriver.tests.AppiumTest" time="0.001"/>
</testsuite>